[    0.000000] Initializing cgroup subsys cpuset
[    0.000000] Initializing cgroup subsys cpu
[    0.000000] Initializing cgroup subsys cpuacct
[    0.000000] Linux version 4.4.0-210-generic (buildd@lgw01-amd64-009) (gcc version 5.4.0 20160609 (Ubuntu 5.4.0-6ubuntu1~16.04.12) ) #242-Ubuntu SMP Fri Apr 16 09:57:56 UTC 2021 (Ubuntu 4.4.0-210.242-generic 4.4.262)
[    0.000000] Command line: BOOT_IMAGE=/boot/vmlinuz-4.4.0-210-generic root=LABEL=cloudimg-rootfs ro console=tty1 console=ttyS0
[    0.000000] KERNEL supported cpus:
[    0.000000]   Intel GenuineIntel
[    0.000000]   AMD AuthenticAMD
[    0.000000]   Centaur CentaurHauls
[    0.000000] x86/fpu: xstate_offset[2]:  576, xstate_sizes[2]:  256
[    0.000000] x86/fpu: Supporting XSAVE feature 0x01: 'x87 floating point registers'
[    0.000000] x86/fpu: Supporting XSAVE feature 0x02: 'SSE registers'
[    0.000000] x86/fpu: Supporting XSAVE feature 0x04: 'AVX registers'
[    0.000000] x86/fpu: Enabled xstate features 0x7, context size is 832 bytes, using 'standard' format.
[    0.000000] e820: BIOS-provided physical RAM map:
[    0.000000] BIOS-e820: [mem 0x0000000000000000-0x000000000009fbff] usable
[    0.000000] BIOS-e820: [mem 0x000000000009fc00-0x000000000009ffff] reserved
[    0.000000] BIOS-e820: [mem 0x00000000000f0000-0x00000000000fffff] reserved
[    0.000000] BIOS-e820: [mem 0x0000000000100000-0x000000003ffeffff] usable
[    0.000000] BIOS-e820: [mem 0x000000003fff0000-0x000000003fffffff] ACPI data
[    0.000000] BIOS-e820: [mem 0x00000000fec00000-0x00000000fec00fff] reserved
[    0.000000] BIOS-e820: [mem 0x00000000fee00000-0x00000000fee00fff] reserved
[    0.000000] BIOS-e820: [mem 0x00000000fffc0000-0x00000000ffffffff] reserved
[    0.000000] NX (Execute Disable) protection: active
[    0.000000] SMBIOS 2.5 present.
[    0.000000] Hypervisor detected: KVM
[    0.000000] e820: last_pfn = 0x3fff0 max_arch_pfn = 0x400000000
[    0.000000] MTRR: Disabled
[    0.000000] x86/PAT: MTRRs disabled, skipping PAT initialization too.
[    0.000000] CPU MTRRs all blank - virtualized system.
[    0.000000] x86/PAT: Configuration [0-7]: WB  WT  UC- UC  WB  WT  UC- UC  
[    0.000000] found SMP MP-table at [mem 0x0009fff0-0x0009ffff] mapped at [ffff88000009fff0]
[    0.000000] Scanning 1 areas for low memory corruption
[    0.000000] RAMDISK: [mem 0x362dc000-0x37165fff]
[    0.000000] ACPI: Early table checksum verification disabled
[    0.000000] ACPI: RSDP 0x00000000000E0000 000024 (v02 VBOX  )
[    0.000000] ACPI: XSDT 0x000000003FFF0030 00003C (v01 VBOX   VBOXXSDT 00000001 ASL  00000061)
[    0.000000] ACPI: FACP 0x000000003FFF00F0 0000F4 (v04 VBOX   VBOXFACP 00000001 ASL  00000061)
[    0.000000] ACPI: DSDT 0x000000003FFF0610 002353 (v02 VBOX   VBOXBIOS 00000002 INTL 20200925)
[    0.000000] ACPI: FACS 0x000000003FFF0200 000040
[    0.000000] ACPI: FACS 0x000000003FFF0200 000040
[    0.000000] ACPI: APIC 0x000000003FFF0240 00005C (v02 VBOX   VBOXAPIC 00000001 ASL  00000061)
[    0.000000] ACPI: SSDT 0x000000003FFF02A0 00036C (v01 VBOX   VBOXCPUT 00000002 INTL 20200925)
[    0.000000] No NUMA configuration found
[    0.000000] Faking a node at [mem 0x0000000000000000-0x000000003ffeffff]
[    0.000000] NODE_DATA(0) allocated [mem 0x3ffeb000-0x3ffeffff]
[    0.000000] kvm-clock: Using msrs 4b564d01 and 4b564d00
[    0.000000] kvm-clock: cpu 0, msr 0:3ffe3001, primary cpu clock
[    0.000000] kvm-clock: using sched offset of 2814164319 cycles
[    0.000000] clocksource: kvm-clock: mask: 0xffffffffffffffff max_cycles: 0x1cd42e4dffb, max_idle_ns: 881590591483 ns
[    0.000000] Zone ranges:
[    0.000000]   DMA      [mem 0x0000000000001000-0x0000000000ffffff]
[    0.000000]   DMA32    [mem 0x0000000001000000-0x000000003ffeffff]
[    0.000000]   Normal   empty
[    0.000000]   Device   empty
[    0.000000] Movable zone start for each node
[    0.000000] Early memory node ranges
[    0.000000]   node   0: [mem 0x0000000000001000-0x000000000009efff]
[    0.000000]   node   0: [mem 0x0000000000100000-0x000000003ffeffff]
[    0.000000] Initmem setup node 0 [mem 0x0000000000001000-0x000000003ffeffff]
[    0.000000] ACPI: PM-Timer IO Port: 0x4008
[    0.000000] IOAPIC[0]: apic_id 2, version 32, address 0xfec00000, GSI 0-23
[    0.000000] ACPI: INT_SRC_OVR (bus 0 bus_irq 0 global_irq 2 dfl dfl)
[    0.000000] ACPI: INT_SRC_OVR (bus 0 bus_irq 9 global_irq 9 low level)
[    0.000000] Using ACPI (MADT) for SMP configuration information
[    0.000000] smpboot: Allowing 2 CPUs, 0 hotplug CPUs
[    0.000000] PM: Registered nosave memory: [mem 0x00000000-0x00000fff]
[    0.000000] PM: Registered nosave memory: [mem 0x0009f000-0x0009ffff]
[    0.000000] PM: Registered nosave memory: [mem 0x000a0000-0x000effff]
[    0.000000] PM: Registered nosave memory: [mem 0x000f0000-0x000fffff]
[    0.000000] e820: [mem 0x40000000-0xfebfffff] available for PCI devices
[    0.000000] Booting paravirtualized kernel on KVM
[    0.000000] clocksource: refined-jiffies: mask: 0xffffffff max_cycles: 0xffffffff, max_idle_ns: 7645519600211568 ns
[    0.000000] setup_percpu: NR_CPUS:512 nr_cpumask_bits:512 nr_cpu_ids:2 nr_node_ids:1
[    0.000000] PERCPU: Embedded 33 pages/cpu @ffff88003fc00000 s95192 r8192 d31784 u1048576
[    0.000000] Built 1 zonelists in Node order, mobility grouping on.  Total pages: 257912
[    0.000000] Policy zone: DMA32
[    0.000000] Kernel command line: BOOT_IMAGE=/boot/vmlinuz-4.4.0-210-generic root=LABEL=cloudimg-rootfs ro console=tty1 console=ttyS0
[    0.000000] PID hash table entries: 4096 (order: 3, 32768 bytes)
[    0.000000] Memory: 997792K/1048120K available (8644K kernel code, 1332K rwdata, 4044K rodata, 1492K init, 1164K bss, 50328K reserved, 0K cma-reserved)
[    0.000000] SLUB: HWalign=64, Order=0-3, MinObjects=0, CPUs=2, Nodes=1
[    0.000000] Kernel/User page tables isolation: enabled
[    0.000000] Hierarchical RCU implementation.
[    0.000000] 	Build-time adjustment of leaf fanout to 64.
[    0.000000] 	RCU restricting CPUs from NR_CPUS=512 to nr_cpu_ids=2.
[    0.000000] RCU: Adjusting geometry for rcu_fanout_leaf=64, nr_cpu_ids=2
[    0.000000] NR_IRQS:33024 nr_irqs:440 16
[    0.000000] Console: colour VGA+ 80x25
[    0.000000] console [tty1] enabled
[    0.000000] console [ttyS0] enabled
[    0.000000] tsc: Detected 3504.000 MHz processor
[    0.059970] Calibrating delay loop (skipped) preset value.. 7008.00 BogoMIPS (lpj=14016000)
[    0.060734] pid_max: default: 32768 minimum: 301
[    0.061143] ACPI: Core revision 20150930
[    0.062054] ACPI: 2 ACPI AML tables successfully acquired and loaded
[    0.062675] Security Framework initialized
[    0.063057] Yama: becoming mindful.
[    0.063409] AppArmor: AppArmor initialized
[    0.063829] Dentry cache hash table entries: 131072 (order: 8, 1048576 bytes)
[    0.064582] Inode-cache hash table entries: 65536 (order: 7, 524288 bytes)
[    0.065177] Mount-cache hash table entries: 2048 (order: 2, 16384 bytes)
[    0.065719] Mountpoint-cache hash table entries: 2048 (order: 2, 16384 bytes)
[    0.066392] Initializing cgroup subsys io
[    0.066807] Initializing cgroup subsys memory
[    0.067208] Initializing cgroup subsys devices
[    0.067613] Initializing cgroup subsys freezer
[    0.068009] Initializing cgroup subsys net_cls
[    0.068412] Initializing cgroup subsys perf_event
[    0.068831] Initializing cgroup subsys net_prio
[    0.069243] Initializing cgroup subsys hugetlb
[    0.069643] Initializing cgroup subsys pids
[    0.072456] mce: CPU supports 0 MCE banks
[    0.072858] Last level iTLB entries: 4KB 0, 2MB 0, 4MB 0
[    0.073313] Last level dTLB entries: 4KB 0, 2MB 0, 4MB 0, 1GB 0
[    0.073815] Spectre V1 : Mitigation: usercopy/swapgs barriers and __user pointer sanitization
[    0.074570] Spectre V2 : Mitigation: Full generic retpoline
[    0.075073] Spectre V2 : Spectre v2 / SpectreRSB mitigation: Filling RSB on context switch
[    0.075839] Speculative Store Bypass: Vulnerable
[    0.076298] MDS: Mitigation: Clear CPU buffers
[    0.078116] Freeing SMP alternatives memory: 36K
[    0.081787] ftrace: allocating 32380 entries in 127 pages
[    0.112598] smpboot: APIC(0) Converting physical 0 to logical package 0
[    0.113331] smpboot: Max logical packages: 1
[    0.113920] x2apic enabled
[    0.114402] Switched APIC routing to physical x2apic.
[    0.115554] ..TIMER: vector=0x30 apic1=0 pin1=2 apic2=-1 pin2=-1
[    0.224191] smpboot: CPU0: 11th Gen Intel(R) Core(TM) i9-11900K @ 3.50GHz (family: 0x6, model: 0xa7, stepping: 0x1)
[    0.225493] Performance Events: unsupported p6 CPU model 167 no PMU driver, software events only.
[    0.231513] KVM setup paravirtual spinlock
[    0.232389] x86: Booting SMP configuration:
[    0.232828] .... node  #0, CPUs:      #1
[    0.233463] kvm-clock: cpu 1, msr 0:3ffe3041, secondary cpu clock
[    0.236303] mce: CPU supports 0 MCE banks
[    0.238642] x86: Booted up 1 node, 2 CPUs
[    0.239196] smpboot: Total of 2 processors activated (14016.00 BogoMIPS)
[    0.240032] devtmpfs: initialized
[    0.241096] evm: security.selinux
[    0.241528] evm: security.SMACK64
[    0.241898] evm: security.SMACK64EXEC
[    0.242289] evm: security.SMACK64TRANSMUTE
[    0.242780] evm: security.SMACK64MMAP
[    0.243218] evm: security.ima
[    0.243601] evm: security.capability
[    0.244106] clocksource: jiffies: mask: 0xffffffff max_cycles: 0xffffffff, max_idle_ns: 7645041785100000 ns
[    0.245096] futex hash table entries: 512 (order: 3, 32768 bytes)
[    0.245782] pinctrl core: initialized pinctrl subsystem
[    0.246378] RTC time: 11:32:55, date: 02/29/24
[    0.247001] NET: Registered protocol family 16
[    0.256338] cpuidle: using governor ladder
[    0.269084] cpuidle: using governor menu
[    0.269560] PCCT header not found.
[    0.270020] ACPI: bus type PCI registered
[    0.270444] acpiphp: ACPI Hot Plug PCI Controller Driver version: 0.5
[    0.271156] PCI: Using configuration type 1 for base access
[    0.280842] ACPI: Added _OSI(Module Device)
[    0.281335] ACPI: Added _OSI(Processor Device)
[    0.281843] ACPI: Added _OSI(3.0 _SCP Extensions)
[    0.282335] ACPI: Added _OSI(Processor Aggregator Device)
[    0.283269] ACPI: Executed 1 blocks of module-level executable AML code
[    0.285136] ACPI: Interpreter enabled
[    0.285601] ACPI: (supports S0 S5)
[    0.285990] ACPI: Using IOAPIC for interrupt routing
[    0.286577] PCI: Using host bridge windows from ACPI; if necessary, use "pci=nocrs" and report a bug
[    0.289274] ACPI: PCI Root Bridge [PCI0] (domain 0000 [bus 00-ff])
[    0.289927] acpi PNP0A03:00: _OSC: OS supports [ASPM ClockPM Segments MSI]
[    0.290734] acpi PNP0A03:00: _OSC: not requesting OS control; OS requires [ExtendedConfig ASPM ClockPM MSI]
[    0.291713] acpi PNP0A03:00: fail to add MMCONFIG information, can't access extended PCI configuration space under this bridge.
[    0.292905] PCI host bridge to bus 0000:00
[    0.293338] pci_bus 0000:00: root bus resource [io  0x0000-0x0cf7 window]
[    0.293987] pci_bus 0000:00: root bus resource [io  0x0d00-0xffff window]
[    0.294649] pci_bus 0000:00: root bus resource [mem 0x000a0000-0x000bffff window]
[    0.295441] pci_bus 0000:00: root bus resource [mem 0x40000000-0xfdffffff window]
[    0.296241] pci_bus 0000:00: root bus resource [bus 00-ff]
[    0.297487] pci 0000:00:01.1: legacy IDE quirk: reg 0x10: [io  0x01f0-0x01f7]
[    0.298217] pci 0000:00:01.1: legacy IDE quirk: reg 0x14: [io  0x03f6]
[    0.298859] pci 0000:00:01.1: legacy IDE quirk: reg 0x18: [io  0x0170-0x0177]
[    0.299528] pci 0000:00:01.1: legacy IDE quirk: reg 0x1c: [io  0x0376]
[    0.309865] pci 0000:00:07.0: quirk: [io  0x4000-0x403f] claimed by PIIX4 ACPI
[    0.310705] pci 0000:00:07.0: quirk: [io  0x4100-0x410f] claimed by PIIX4 SMB
[    0.312989] ACPI: PCI Interrupt Link [LNKA] (IRQs 5 9 10 *11)
[    0.313887] ACPI: PCI Interrupt Link [LNKB] (IRQs 5 9 *10 11)
[    0.314674] ACPI: PCI Interrupt Link [LNKC] (IRQs 5 *9 10 11)
[    0.315462] ACPI: PCI Interrupt Link [LNKD] (IRQs 5 9 10 *11)
[    0.316263] ACPI: Enabled 2 GPEs in block 00 to 07
[    0.316893] vgaarb: setting as boot device: PCI:0000:00:02.0
[    0.317469] vgaarb: device added: PCI:0000:00:02.0,decodes=io+mem,owns=io+mem,locks=none
[    0.318326] vgaarb: loaded
[    0.318654] vgaarb: bridge control possible 0000:00:02.0
[    0.319302] SCSI subsystem initialized
[    0.319760] ACPI: bus type USB registered
[    0.320198] usbcore: registered new interface driver usbfs
[    0.320755] usbcore: registered new interface driver hub
[    0.321297] usbcore: registered new device driver usb
[    0.321993] PCI: Using ACPI for IRQ routing
[    0.322576] NetLabel: Initializing
[    0.322966] NetLabel:  domain hash size = 128
[    0.323419] NetLabel:  protocols = UNLABELED CIPSOv4
[    0.323943] NetLabel:  unlabeled traffic allowed by default
[    0.324544] amd_nb: Cannot enumerate AMD northbridges
[    0.325074] clocksource: Switched to clocksource kvm-clock
[    0.328716] AppArmor: AppArmor Filesystem Enabled
[    0.329244] pnp: PnP ACPI init
[    0.329960] pnp: PnP ACPI: found 3 devices
[    0.336337] clocksource: acpi_pm: mask: 0xffffff max_cycles: 0xffffff, max_idle_ns: 2085701024 ns
[    0.337295] NET: Registered protocol family 2
[    0.337839] TCP established hash table entries: 8192 (order: 4, 65536 bytes)
[    0.338515] TCP bind hash table entries: 8192 (order: 5, 131072 bytes)
[    0.339199] TCP: Hash tables configured (established 8192 bind 8192)
[    0.339874] UDP hash table entries: 512 (order: 2, 16384 bytes)
[    0.340460] UDP-Lite hash table entries: 512 (order: 2, 16384 bytes)
[    0.341100] NET: Registered protocol family 1
[    0.341566] pci 0000:00:00.0: Limiting direct PCI/PCI transfers
[    0.342159] pci 0000:00:01.0: Activating ISA DMA hang workarounds
[    0.342893] Unpacking initramfs...
[    0.459678] Freeing initrd memory: 14888K
[    0.460284] clocksource: tsc: mask: 0xffffffffffffffff max_cycles: 0x3282142a9b0, max_idle_ns: 440795384778 ns
[    0.461399] platform rtc_cmos: registered platform RTC device (no PNP device found)
[    0.462292] Scanning for low memory corruption every 60 seconds
[    0.463081] audit: initializing netlink subsys (disabled)
[    0.463663] audit: type=2000 audit(1709206379.447:1): initialized
[    0.464401] Initialise system trusted keyring
[    0.464927] HugeTLB registered 2 MB page size, pre-allocated 0 pages
[    0.466292] zbud: loaded
[    0.466824] VFS: Disk quotas dquot_6.6.0
[    0.467285] VFS: Dquot-cache hash table entries: 512 (order 0, 4096 bytes)
[    0.468054] squashfs: version 4.0 (2009/01/31) Phillip Lougher
[    0.468772] fuse init (API version 7.23)
[    0.469292] Key type big_key registered
[    0.469742] Allocating IMA MOK and blacklist keyrings.
[    0.470511] Key type asymmetric registered
[    0.470974] Asymmetric key parser 'x509' registered
[    0.471521] Block layer SCSI generic (bsg) driver version 0.4 loaded (major 249)
[    0.472351] io scheduler noop registered
[    0.472805] io scheduler deadline registered (default)
[    0.473380] io scheduler cfq registered
[    0.473861] pci_hotplug: PCI Hot Plug PCI Core version: 0.5
[    0.474434] pciehp: PCI Express Hot Plug Controller Driver version: 0.4
[    0.475134] ACPI: AC Adapter [AC] (on-line)
[    0.475621] input: Power Button as /devices/LNXSYSTM:00/LNXPWRBN:00/input/input0
[    0.476415] ACPI: Power Button [PWRF]
[    0.476863] input: Sleep Button as /devices/LNXSYSTM:00/LNXSLPBN:00/input/input1
[    0.477680] ACPI: Sleep Button [SLPF]
[    0.478259] GHES: HEST is not enabled!
[    0.478720] Serial: 8250/16550 driver, 32 ports, IRQ sharing enabled
[    0.499504] 00:02: ttyS0 at I/O 0x3f8 (irq = 4, base_baud = 115200) is a 16550A
[    0.500876] Linux agpgart interface v0.103
[    0.501976] loop: module loaded
[    0.502632] scsi host0: ata_piix
[    0.503064] scsi host1: ata_piix
[    0.503463] ata1: PATA max UDMA/33 cmd 0x1f0 ctl 0x3f6 bmdma 0xd000 irq 14
[    0.504113] ata2: PATA max UDMA/33 cmd 0x170 ctl 0x376 bmdma 0xd008 irq 15
[    0.504854] libphy: Fixed MDIO Bus: probed
[    0.505328] tun: Universal TUN/TAP device driver, 1.6
[    0.505837] tun: (C) 1999-2004 Max Krasnyansky <maxk@qualcomm.com>
[    0.506475] PPP generic driver version 2.4.2
[    0.506950] ehci_hcd: USB 2.0 'Enhanced' Host Controller (EHCI) Driver
[    0.507563] ehci-pci: EHCI PCI platform driver
[    0.508074] ehci-platform: EHCI generic platform driver
[    0.508599] ohci_hcd: USB 1.1 'Open' Host Controller (OHCI) Driver
[    0.509191] ohci-pci: OHCI PCI platform driver
[    0.509673] ohci-platform: OHCI generic platform driver
[    0.510209] uhci_hcd: USB Universal Host Controller Interface driver
[    0.510836] i8042: PNP: PS/2 Controller [PNP0303:PS2K,PNP0f03:PS2M] at 0x60,0x64 irq 1,12
[    0.512019] serio: i8042 KBD port at 0x60,0x64 irq 1
[    0.512524] serio: i8042 AUX port at 0x60,0x64 irq 12
[    0.513077] mousedev: PS/2 mouse device common for all mice
[    0.513887] input: AT Translated Set 2 keyboard as /devices/platform/i8042/serio0/input/input2
[    0.514806] rtc_cmos rtc_cmos: rtc core: registered rtc_cmos as rtc0
[    0.515500] rtc_cmos rtc_cmos: alarms up to one day, 114 bytes nvram
[    0.516120] i2c /dev entries driver
[    0.516561] device-mapper: uevent: version 1.0.3
[    0.517099] device-mapper: ioctl: 4.34.0-ioctl (2015-10-28) initialised: dm-devel@redhat.com
[    0.518015] ledtrig-cpu: registered to indicate activity on CPUs
[    0.518787] NET: Registered protocol family 10
[    0.519347] NET: Registered protocol family 17
[    0.519835] Key type dns_resolver registered
[    0.520414] registered taskstats version 1
[    0.520874] Loading compiled-in X.509 certificates
[    0.521730] Loaded X.509 cert 'Build time autogenerated kernel key: cf00e047681d67edb2720680708b7d9498083038'
[    0.522751] zswap: loaded using pool lzo/zbud
[    0.524116] Key type trusted registered
[    0.525973] Key type encrypted registered
[    0.526442] AppArmor: AppArmor sha1 policy hashing enabled
[    0.527004] ima: No TPM chip found, activating TPM-bypass!
[    0.527567] ima: Allocated hash algorithm: sha1
[    0.528059] evm: HMAC attrs: 0x1
[    0.528626]   Magic number: 12:797:530
[    0.529068] tty ttyS10: hash matches
[    0.529556] rtc_cmos rtc_cmos: setting system clock to 2024-02-29 11:32:55 UTC (1709206375)
[    0.530497] BIOS EDD facility v0.16 2004-Jun-25, 0 devices found
[    0.531079] EDD information not available.
[    0.684831] Freeing unused kernel memory: 1492K
[    0.685633] Write protecting the kernel read-only data: 14336k
[    0.686745] Freeing unused kernel memory: 1584K
[    0.687541] Freeing unused kernel memory: 52K
Loading, please wait...
starting version 229
[    0.694161] random: systemd-udevd: uninitialized urandom read (16 bytes read, 1 bits of entropy available)
[    0.694524] random: udevadm: uninitialized urandom read (16 bytes read, 1 bits of entropy available)
[    0.694541] random: udevadm: uninitialized urandom read (16 bytes read, 1 bits of entropy available)
[    0.697143] random: systemd-udevd: uninitialized urandom read (16 bytes read, 1 bits of entropy available)
[    0.698158] random: systemd-udevd: uninitialized urandom read (16 bytes read, 1 bits of entropy available)
[    0.699172] random: systemd-udevd: uninitialized urandom read (16 bytes read, 1 bits of entropy available)
[    0.699765] random: udevadm: uninitialized urandom read (16 bytes read, 1 bits of entropy available)
[    0.699799] random: udevadm: uninitialized urandom read (16 bytes read, 1 bits of entropy available)
[    0.699893] random: udevadm: uninitialized urandom read (16 bytes read, 1 bits of entropy available)
[    0.699924] random: udevadm: uninitialized urandom read (16 bytes read, 1 bits of entropy available)
[    0.720767] e1000: Intel(R) PRO/1000 Network Driver - version 7.3.21-k8-NAPI
[    0.721554] e1000: Copyright (c) 1999-2006 Intel Corporation.
[    0.722190] Fusion MPT base driver 3.04.20
[    0.722782] Copyright (c) 1999-2008 LSI Corporation
[    0.724942] Fusion MPT SPI Host driver 3.04.20
[    0.736321] AVX2 version of gcm_enc/dec engaged.
[    0.736881] AES CTR mode by8 optimization enabled
[    0.927485] input: ImExPS/2 Generic Explorer Mouse as /devices/platform/i8042/serio1/input/input4
[    1.035238] e1000 0000:00:03.0 eth0: (PCI:33MHz:32-bit) 02:be:82:6b:cc:1d
[    1.035980] e1000 0000:00:03.0 eth0: Intel(R) PRO/1000 Network Connection
[    1.037048] mptbase: ioc0: Initiating bringup
[    1.037468] e1000 0000:00:03.0 enp0s3: renamed from eth0
[    1.481241] ioc0: LSI53C1030 A0: Capabilities={Initiator}
[    3.198195] scsi host2: ioc0: LSI53C1030 A0, FwRev=00000000h, Ports=1, MaxQ=256, IRQ=20
[    4.243326] scsi 2:0:0:0: Direct-Access     VBOX     HARDDISK         1.0  PQ: 0 ANSI: 5
[    4.248077] scsi target2:0:0: Beginning Domain Validation
[    4.249986] scsi target2:0:0: Domain Validation skipping write tests
[    4.250521] scsi target2:0:0: Ending Domain Validation
[    4.250989] scsi target2:0:0: asynchronous
[    4.251781] scsi 2:0:1:0: Direct-Access     VBOX     HARDDISK         1.0  PQ: 0 ANSI: 5
[    4.252499] scsi target2:0:1: Beginning Domain Validation
[    4.253402] scsi target2:0:1: Domain Validation skipping write tests
[    4.253947] scsi target2:0:1: Ending Domain Validation
[    4.254418] scsi target2:0:1: asynchronous
[    4.261310] sd 2:0:0:0: Attached scsi generic sg0 type 0
[    4.261828] sd 2:0:0:0: [sda] 83886080 512-byte logical blocks: (42.9 GB/40.0 GiB)
[    4.262631] sd 2:0:1:0: [sdb] 20480 512-byte logical blocks: (10.5 MB/10.0 MiB)
[    4.262747] sd 2:0:1:0: Attached scsi generic sg1 type 0
[    4.263955] sd 2:0:0:0: [sda] Write Protect is off
[    4.263997] sd 2:0:1:0: [sdb] Write Protect is off
[    4.264031] sd 2:0:1:0: [sdb] Incomplete mode parameter data
[    4.264031] sd 2:0:1:0: [sdb] Assuming drive cache: write through
[    4.265951] sd 2:0:0:0: [sda] Incomplete mode parameter data
[    4.266477] sd 2:0:0:0: [sda] Assuming drive cache: write through
[    4.267165] sd 2:0:1:0: [sdb] Attached SCSI disk
[    4.267991]  sda: sda1
[    4.268580] sd 2:0:0:0: [sda] Attached SCSI disk
Begin: Loading essential drivers ... [    5.453107] md: linear personality registered for level -1
[    5.454697] md: multipath personality registered for level -4
[    5.456137] md: raid0 personality registered for level 0
[    5.458051] md: raid1 personality registered for level 1
[    5.525131] raid6: sse2x1   gen() 20329 MB/s
[    5.593128] raid6: sse2x1   xor() 13953 MB/s
[    5.661087] raid6: sse2x2   gen() 27685 MB/s
[    5.729114] raid6: sse2x2   xor() 17145 MB/s
[    5.799869] raid6: sse2x4   gen() 30182 MB/s
[    5.865150] raid6: sse2x4   xor() 18024 MB/s
[    5.933123] raid6: avx2x1   gen() 39548 MB/s
[    6.001124] raid6: avx2x2   gen() 50055 MB/s
[    6.069124] raid6: avx2x4   gen() 51619 MB/s
[    6.069640] raid6: using algorithm avx2x4 gen() 51619 MB/s
[    6.070210] raid6: using avx2x2 recovery algorithm
[    6.071260] xor: automatically using best checksumming function:
[    6.109120]    avx       : 37705.000 MB/sec
[    6.110198] async_tx: api initialized (async)
[    6.115157] md: raid6 personality registered for level 6
[    6.115737] md: raid5 personality registered for level 5
[    6.116266] md: raid4 personality registered for level 4
[    6.120099] md: raid10 personality registered for level 10
done.
Begin: Running /scripts/init-premount ... done.
Begin: Mounting root file system ... Begin: Running /scripts/local-top ... done.
Begin: Running /scripts/local-premount ... [    6.135314] Btrfs loaded
Scanning for Btrfs filesystems
done.
Warning: fsck not present, so skipping root file system
[    6.151296] EXT4-fs (sda1): mounted filesystem with ordered data mode. Opts: (null)
done.
Begin: Running /scripts/local-bottom ... done.
Begin: Running /scripts/init-bottom ... done.
[    6.222605] systemd[1]: systemd 229 running in system mode. (+PAM +AUDIT +SELINUX +IMA +APPARMOR +SMACK +SYSVINIT +UTMP +LIBCRYPTSETUP +GCRYPT +GNUTLS +ACL +XZ -LZ4 +SECCOMP +BLKID +ELFUTILS +KMOD -IDN)
[    6.224345] systemd[1]: Detected virtualization oracle.
[    6.224907] systemd[1]: Detected architecture x86-64.

Welcome to [1mUbuntu 16.04.7 LTS[0m!

[    6.227394] systemd[1]: Set hostname to <ubuntu>.
[    6.229689] systemd[1]: Initializing machine ID from random generator.
[    6.230346] systemd[1]: Installed transient /etc/machine-id file.
[    6.308433] systemd[1]: Listening on LVM2 poll daemon socket.
[[0;32m  OK  [0m] Listening on LVM2 poll daemon socket.
[    6.309489] systemd[1]: Set up automount Arbitrary Executable File Formats File System Automount Point.
[[0;32m  OK  [0m] Set up automount Arbitrary Executab...ats File System Automount Point.
[    6.311123] systemd[1]: Created slice System Slice.
[[0;32m  OK  [0m] Created slice System Slice.
[    6.312018] systemd[1]: Started Forward Password Requests to Wall Directory Watch.
[[0;32m  OK  [0m] Started Forward Password Requests to Wall Directory Watch.
[    6.313309] systemd[1]: Started Trigger resolvconf update for networkd DNS.
[[0;32m  OK  [0m] Started Trigger resolvconf update for networkd DNS.
[    6.314495] systemd[1]: Listening on Journal Audit Socket.
[[0;32m  OK  [0m] Listening on Journal Audit Socket.
[    6.315440] systemd[1]: Listening on udev Kernel Socket.
[[0;32m  OK  [0m] Listening on udev Kernel Socket.
[    6.316355] systemd[1]: Reached target User and Group Name Lookups.
[[0;32m  OK  [0m] Reached target User and Group Name Lookups.
[    6.317392] systemd[1]: Listening on Syslog Socket.
[[0;32m  OK  [0m] Listening on Syslog Socket.
[    6.318272] systemd[1]: Listening on LVM2 metadata daemon socket.
[[0;32m  OK  [0m] Listening on LVM2 metadata daemon socket.
[    6.319398] systemd[1]: Created slice system-serial\x2dgetty.slice.
[[0;32m  OK  [0m] Created slice system-serial\x2dgetty.slice.
[    6.320428] systemd[1]: Reached target System Time Synchronized.
[[0;32m  OK  [0m] Reached target System Time Synchronized.
[    6.321440] systemd[1]: Listening on udev Control Socket.
[[0;32m  OK  [0m] Listening on udev Control Socket.
[    6.322377] systemd[1]: Reached target Encrypted Volumes.
[[0;32m  OK  [0m] Reached target Encrypted Volumes.
[    6.323303] systemd[1]: Listening on Journal Socket (/dev/log).
[[0;32m  OK  [0m] Listening on Journal Socket (/dev/log).
[    6.324288] systemd[1]: Listening on Device-mapper event daemon FIFOs.
[[0;32m  OK  [0m] Listening on Device-mapper event daemon FIFOs.
[    6.325345] systemd[1]: Reached target Swap.
[[0;32m  OK  [0m] Reached target Swap.
[    6.326144] systemd[1]: Listening on Journal Socket.
[[0;32m  OK  [0m] Listening on Journal Socket.
[    6.341222] systemd[1]: Starting Journal Service...
         Starting Journal Service...
[    6.342377] systemd[1]: Mounting Huge Pages File System...
         Mounting Huge Pages File System...
[    6.343620] systemd[1]: Starting Uncomplicated firewall...
         Starting Uncomplicated firewall...
[    6.346352] systemd[1]: Starting Nameserver information manager...
         Starting Nameserver information manager...
[    6.347718] systemd[1]: Starting Create list of required static device nodes for the current kernel...
         Starting Create list of required st... nodes for the current kernel...
[    6.349560] systemd[1]: Starting Set console keymap...
         Starting Set console keymap...
[    6.350794] systemd[1]: Mounting Debug File System...
         Mounting Debug File System...
[    6.352264] systemd[1]: Mounting POSIX Message Queue File System...
         Mounting POSIX Message Queue File System...
[    6.355838] systemd[1]: Starting Load Kernel Modules...
         Starting Load Kernel Modules...
[    6.356773] systemd[1]: Listening on fsck to fsckd communication Socket.
[[0;32m  OK  [0m] Listening on fsck to fsckd communication Socket.
[    6.358533] systemd[1]: Starting File System Check on Root Device...
         Starting File System Check on Root Device...
[    6.360001] systemd[1]: Created slice User and Session Slice.
[[0;32m  OK  [0m] Created slice User and Session Slice.
[    6.361154] systemd[1]: Reached target Slices.
[[0;32m  OK  [0m] Reached target Slices.[    6.361941] Loading iSCSI transport class v2.0-870.

[    6.362646] systemd[1]: Starting Monitoring of LVM2 mirrors, snapshots etc. using dmeventd or progress polling...
         Starting Monitoring of LVM2 mirrors... dmeventd or progress polling...
[    6.365173] systemd[1]: Listening on /dev/initctl Compatibility Named Pipe.
[[0;32m  OK  [0m] Listening on /dev/initctl Compatibility Named Pipe.
[    6.367461] systemd[1]: Mounted Huge Pages File System.
[[0;32m  OK  [0m] Mounted Huge Pages File System.
[    6.368440] systemd[1]: Mounted POSIX Message Queue File System.
[[0;32m  OK  [0m] Mounted POSIX Message Queue File System.
[    6.369588] systemd[1]: Mounted Debug File System.
[[0;32m  OK  [0m] Mounted Debug File System.
[    6.370517] systemd[1]: Started Journal Service.
[[0;32m  OK  [0m] Started Journal Service.
[[0;32m  OK  [0m] Started Uncomplicated firewall.
[[0;32m  OK  [0m] Started Create list of required sta...ce nodes for the current kernel.
[[0;32m  OK  [0m] Started Nameserver information manager.
[[0;32m  OK  [0m] Started File System Check Daemon to report status.
         Starting Create Static Device Nodes in /dev...
[    6.380183] iscsi: registered transport (tcp)
[[0;32m  OK  [0m] Started LVM2 metadata daemon.
[[0;32m  OK  [0m] Started File System Check on Root Device.
         Starting Remount Root and Kernel File Systems...
[    6.394499] EXT4-fs (sda1): re-mounted. Opts: (null)
[[0;32m  OK  [0m] Started Remount Root and Kernel File Systems.
         Starting Flush Journal to Persistent Storage...
         Starting udev Coldplug all Devices...
         Starting Load/Save Random Seed...
[[0;32m  OK  [0m] Started Set console keymap.
[    6.403107] systemd-journald[369]: Received request to flush runtime journal from PID 1
[[0;32m  OK  [0m] Started Load/Save Random Seed.
[[0;32m  OK  [0m] Started Flush Journal to Persistent Storage.
[[0;32m  OK  [0m] Started Create Static Device Nodes in /dev.
         Starting udev Kernel Device Manager...
[    6.414394] iscsi: registered transport (iser)
[[0;32m  OK  [0m] Started Load Kernel Modules.
         Mounting FUSE Control File System...
         Starting Apply Kernel Variables...
[[0;32m  OK  [0m] Mounted FUSE Control File System.
[[0;32m  OK  [0m] Started Apply Kernel Variables.
[[0;32m  OK  [0m] Started udev Coldplug all Devices.
[[0;32m  OK  [0m] Started udev Kernel Device Manager.
[[0;32m  OK  [0m] Started Dispatch Password Requests to Console Directory Watch.
[[0;32m  OK  [0m] Found device /dev/ttyS0.
[[0;32m  OK  [0m] Started Monitoring of LVM2 mirrors,...ng dmeventd or progress polling.
[[0;32m  OK  [0m] Reached target Local File Systems (Pre).
[[0;32m  OK  [0m] Reached target Local File Systems.
         Starting LSB: AppArmor initialization...
         Starting Set console font and keymap...
         Starting Initial cloud-init job (pre-networking)...
         Starting Tell Plymouth To Write Out Runtime Data...
         Starting Commit a transient machine-id on disk...
         Starting Create Volatile Files and Directories...
[[0;32m  OK  [0m] Listening on Load/Save RF Kill Switch Status /dev/rfkill Watch.
[[0;32m  OK  [0m] Started Create Volatile Files and Directories.
[[0;32m  OK  [0m] Started Tell Plymouth To Write Out Runtime Data.
         Starting Update UTMP about System Boot/Shutdown...
[[0;32m  OK  [0m] Started Commit a transient machine-id on disk.
[[0;32m  OK  [0m] Started Update UTMP about System Boot/Shutdown.
[[0;32m  OK  [0m] Started Set console font and keymap.
[[0;32m  OK  [0m] Created slice system-getty.slice.
[[0;32m  OK  [0m] Started LSB: AppArmor initialization.
         Starting Load AppArmor profiles managed internally by snapd...
[[0;32m  OK  [0m] Started Load AppArmor profiles managed internally by snapd.
[    7.132582] cloud-init[619]: Cloud-init v. 21.1-19-gbad84ad4-0ubuntu1~16.04.2 running 'init-local' at Thu, 29 Feb 2024 11:33:02 +0000. Up 7.00 seconds.
[[0;32m  OK  [0m] Started Initial cloud-init job (pre-networking).
[[0;32m  OK  [0m] Reached target Network (Pre).
         Starting Raise network interfaces...
[[0;32m  OK  [0m] Started Raise network interfaces.
[[0;32m  OK  [0m] Reached target Network.
         Starting Initial cloud-init job (metadata service crawler)...
[    7.775031] cloud-init[943]: Cloud-init v. 21.1-19-gbad84ad4-0ubuntu1~16.04.2 running 'init' at Thu, 29 Feb 2024 11:33:02 +0000. Up 7.40 seconds.
[    7.775905] cloud-init[943]: ci-info: ++++++++++++++++++++++++++++++++++++++Net device info++++++++++++++++++++++++++++++++++++++
[    7.776617] cloud-init[943]: ci-info: +--------+------+----------------------------+---------------+--------+-------------------+
[    7.777334] cloud-init[943]: ci-info: | Device |  Up  |          Address           |      Mask     | Scope  |     Hw-Address    |
[    7.777898] cloud-init[943]: ci-info: +--------+------+----------------------------+---------------+--------+-------------------+
[    7.778479] cloud-init[943]: ci-info: | enp0s3 | True |         10.0.2.15          | 255.255.255.0 | global | 02:be:82:6b:cc:1d |
[    7.779044] cloud-init[943]: ci-info: | enp0s3 | True | fe80::be:82ff:fe6b:cc1d/64 |       .       |  link  | 02:be:82:6b:cc:1d |
[    7.779627] cloud-init[943]: ci-info: |   lo   | True |         127.0.0.1          |   255.0.0.0   |  host  |         .         |
[    7.780225] cloud-init[943]: ci-info: |   lo   | True |          ::1/128           |       .       |  host  |         .         |
[    7.780805] cloud-init[943]: ci-info: +--------+------+----------------------------+---------------+--------+-------------------+
[    7.781434] cloud-init[943]: ci-info: +++++++++++++++++++++++++++Route IPv4 info++++++++++++++++++++++++++++
[    7.782060] cloud-init[943]: ci-info: +-------+-------------+----------+---------------+-----------+-------+
[    7.788174] cloud-init[943]: ci-info: | Route | Destination | Gateway  |    Genmask    | Interface | Flags |
[    7.796230] cloud-init[943]: ci-info: +-------+-------------+----------+---------------+-----------+-------+
[    7.796768] cloud-init[943]: ci-info: |   0   |   0.0.0.0   | 10.0.2.2 |    0.0.0.0    |   enp0s3  |   UG  |
[    7.808175] cloud-init[943]: ci-info: |   1   |   10.0.2.0  | 0.0.0.0  | 255.255.255.0 |   enp0s3  |   U   |
[[0;32m  OK  [0m] Started Initial cloud-init job (metadata service crawler).
[    7.808255] cloud-init[943]: ci-info: +-------+-------------+----------+---------------+-----------+-------+
[    7.809562] cloud-init[943]: ci-info: +++++++++++++++++++Route IPv6 info+++++++++++++++++++
[    7.809633] cloud-init[943]: ci-info: +-------+-------------+---------+-----------+-------+
[    7.809780] cloud-init[943]: ci-info: | Route | Destination | Gateway | Interface | Flags |
[    7.809923] cloud-init[943]: ci-info: +-------+-------------+---------+-----------+-------+
[    7.810067] cloud-init[943]: ci-info: |   0   |  fe80::/64  |    ::   |   enp0s3  |   U   |
[    7.810206] cloud-init[943]: ci-info: |   3   |   ff00::/8  |    ::   |   enp0s3  |   U   |
[    7.810301] cloud-init[943]: ci-info: +-------+-------------+---------+-----------+-------+
[    7.810447] cloud-init[943]: Generating public/private rsa key pair.
[    7.810590] cloud-init[943]: Your identification has been saved in /etc/ssh/ssh_host_rsa_key.
[    7.810745] cloud-init[943]: Your public key has been saved in /etc/ssh/ssh_host_rsa_key.pub.
[    7.810882] cloud-init[943]: The key fingerprint is:
[    7.811027] cloud-init[943]: SHA256:25zm/oFXMafCdsLOYt4IRAxpaNrAqxbIHzxDcQrGK/k root@ubuntu-xenial
[    7.811178] cloud-init[943]: The key's randomart image is:
[    7.811319] cloud-init[943]: +---[RSA 2048]----+
[    7.811482] cloud-init[943]: |.+ ..o..         |
[    7.811637] cloud-init[943]: |..+.= oo         |
[    7.811785] cloud-init[943]: |o.+B .  o     o .|
[    7.811932] cloud-init[943]: |++o=.  .   o   = |
[    7.812140] cloud-init[943]: |.oo +   S   * +  |
[    7.812279] cloud-init[943]: |..E.   . + * =   |
[    7.812416] cloud-init[943]: |.       o O =    |
[    7.812559] cloud-init[943]: |         * = .   |
[    7.812704] cloud-init[943]: |         .=.o    |
[    7.812852] cloud-init[943]: +----[SHA256]-----+
[    7.812999] cloud-init[943]: Generating public/private dsa key pair.
[    7.813142] cloud-init[943]: Your identification has been saved in /etc/ssh/ssh_host_dsa_key.
[    7.813282] cloud-init[943]: Your public key has been saved in /etc/ssh/ssh_host_dsa_key.pub.
[    7.813431] cloud-init[943]: The key fingerprint is:
[    7.813580] cloud-init[943]: SHA256:HdvigrMM6W3vF1tLmQ6My+4xQaibxjMUCiKTUCKky6A root@ubuntu-xenial
[    7.813726] cloud-init[943]: The key's randomart image is:
[    7.813869] cloud-init[943]: +---[DSA 1024]----+
[    7.814006] cloud-init[943]: |=o.              |
[    7.814149] cloud-init[943]: |+o     .         |
[    7.814302] cloud-init[943]: |O   . . . .      |
[    7.814354] cloud-init[943]: |*+ . o . . +     |
[    7.814460] cloud-init[943]: |E.. o   So+ .o   |
[    7.814612] cloud-init[943]: |   o + ..o+.=    |
[    7.814759] cloud-init[943]: |    X o.+..B .   |
[    7.814908] cloud-init[943]: |   o *.oo+o o    |
[    7.815059] cloud-init[943]: |    ..+==.       |
[    7.815204] cloud-init[943]: +----[SHA256]-----+
[    7.815340] cloud-init[943]: Generating public/private ecdsa key pair.
[    7.815483] cloud-init[943]: Your identification has been saved in /etc/ssh/ssh_host_ecdsa_key.
[    7.815628] cloud-init[943]: Your public key has been saved in /etc/ssh/ssh_host_ecdsa_key.pub.
[    7.815772] cloud-init[943]: The key fingerprint is:
[    7.815917] cloud-init[943]: SHA256:7MzPanpcj5Q6Il2K7n7OV0UPamvM4b/q1krtnAdwhac root@ubuntu-xenial
[    7.816058] cloud-init[943]: The key's randomart image is:
[    7.816201] cloud-init[943]: +---[ECDSA 256]---+
[    7.816342] cloud-init[943]: |             .   |
[    7.816389] cloud-init[943]: |            + o  |
[    7.816526] cloud-init[943]: |           o *   |
[    7.816669] cloud-init[943]: |       .  = E .  |
[    7.816816] cloud-init[943]: |        S= B     |
[    7.816955] cloud-init[943]: |       +. @..    |
[    7.817097] cloud-init[943]: |     o ++*.=..   |
[    7.817290] cloud-init[943]: |    o.= B+oo+..  |
[    7.817431] cloud-init[943]: |   ++++*.=*o=o   |
[    7.817581] cloud-init[943]: +----[SHA256]-----+
[    7.817738] cloud-init[943]: Generating public/private ed25519 key pair.
[    7.817838] cloud-init[943]: Your identification has been saved in /etc/ssh/ssh_host_ed25519_key.
[    7.817990] cloud-init[943]: Your public key has been saved in /etc/ssh/ssh_host_ed25519_key.pub.
[    7.818138] cloud-init[943]: The key fingerprint is:
[    7.818294] cloud-init[943]: SHA256:o4LXwzCO6f7R+J5vSCPs+YAzKfgIP+iJlJRhSl+py5E root@ubuntu-xenial
[    7.818453] cloud-init[943]: The key's randomart image is:
[    7.818597] cloud-init[943]: +--[ED25519 256]--+
[    7.818736] cloud-init[943]: |                 |
[    7.818889] cloud-init[943]: |      .          |
[    7.819042] cloud-init[943]: | +   o           |
[    7.819191] cloud-init[943]: |+ + +            |
[    7.819343] cloud-init[943]: |.o Eo   S        |
[    7.819494] cloud-init[943]: |o oB=Bo. .       |
[    7.819634] cloud-init[943]: |++O+B+*o         |
[    7.819680] cloud-init[943]: |=*o+o=.o.        |
[    7.819901] cloud-init[943]: |++=o.o=o.        |
[    7.820051] cloud-init[943]: +----[SHA256]-----+
[[0;32m  OK  [0m] Reached target Cloud-config availability.
[[0;32m  OK  [0m] Reached target Network is Online.
         Starting iSCSI initiator daemon (iscsid)...
[[0;32m  OK  [0m] Reached target System Initialization.
[[0;32m  OK  [0m] Started Ubuntu Advantage update messaging.
[[0;32m  OK  [0m] Listening on D-Bus System Message Bus Socket.
[[0;32m  OK  [0m] Started Daily apt download activities.
[[0;32m  OK  [0m] Started Message of the Day.
         Starting LXD - unix socket.
[[0;32m  OK  [0m] Started Daily apt upgrade and clean activities.
[[0;32m  OK  [0m] Listening on ACPID Listen Socket.
[[0;32m  OK  [0m] Started ACPI Events Check.
[[0;32m  OK  [0m] Reached target Paths.
         Starting Socket activation for snappy daemon.
[[0;32m  OK  [0m] Started Daily Cleanup of Temporary Directories.
[[0;32m  OK  [0m] Reached target Timers.
[[0;32m  OK  [0m] Listening on UUID daemon activation socket.
[[0;32m  OK  [0m] Listening on LXD - unix socket.
[[0;32m  OK  [0m] Listening on Socket activation for snappy daemon.
[[0;32m  OK  [0m] Reached target Sockets.
[[0;32m  OK  [0m] Reached target Basic System.
         Starting System Logging Service...
         Starting Login Service...
         Starting Virtualbox guest utils...
[[0;32m  OK  [0m] Started Deferred execution scheduler.
         Starting LXD - container startup/shutdown...
[[0;32m  OK  [0m] Started ACPI event daemon.
[[0;32m  OK  [0m] Started FUSE filesystem for LXC.
         Starting /etc/rc.local Compatibility...
         Starting LSB: MD monitoring daemon...
         Starting Accounts Service...
         Starting LSB: Record successful boot for GRUB...
         Starting Pollinate to seed the pseudo random number generator...
[[0;32m  OK  [0m] Started Regular background program processing daemon.
         Starting Snap Daemon...
[[0;32m  OK  [0m] Started D-Bus System Message Bus.
[[0;32m  OK  [0m] Started System Logging Service.
[[0;32m  OK  [0m] Started iSCSI initiator daemon (iscsid).
[[0;32m  OK  [0m] Started /etc/rc.local Compatibility.
         Starting Login to default iSCSI targets...
[[0;32m  OK  [0m] Started Login Service.
[[0;32m  OK  [0m] Started Unattended Upgrades Shutdown.
[[0;32m  OK  [0m] Started LSB: Record successful boot for GRUB.
[[0;32m  OK  [0m] Started LSB: MD monitoring daemon.
         Starting Authenticate and Authorize Users to Run Privileged Tasks...
[[0;32m  OK  [0m] Started Login to default iSCSI targets.
[[0;32m  OK  [0m] Reached target Remote File Systems (Pre).
[[0;32m  OK  [0m] Reached target Remote File Systems.
         Starting LSB: Set the CPU Frequency Scaling governor to "ondemand"...
         Starting LSB: daemon to balance interrupts for SMP systems...
         Starting Permit User Sessions...
         Starting LSB: automatic crash report generation...
[[0;32m  OK  [0m] Started LSB: Set the CPU Frequency Scaling governor to "ondemand".
[[0;32m  OK  [0m] Started Permit User Sessions.
         Starting Hold until boot process finishes up...
         Starting Terminate Plymouth Boot Screen...
[[0;32m  OK  [0m] Started Hold until boot process finishes up.
         Starting Set console scheme...
[[0;32m  OK  [0m] Started Getty on tty1.
[[0;32m  OK  [0m] Started Serial Getty on ttyS0.
[[0;32m  OK  [0m] Reached target Login Prompts.
[[0;32m  OK  [0m] Started Set console scheme.
[[0;32m  OK  [0m] Started Terminate Plymouth Boot Screen.
[[0;32m  OK  [0m] Started LSB: automatic crash report generation.
[[0;32m  OK  [0m] Started Virtualbox guest utils.
[[0;32m  OK  [0m] Started Authenticate and Authorize Users to Run Privileged Tasks.
[[0;32m  OK  [0m] Started LSB: daemon to balance interrupts for SMP systems.
[[0;32m  OK  [0m] Started Accounts Service.
[[0;32m  OK  [0m] Started LXD - container startup/shutdown.
[[0;32m  OK  [0m] Started Snap Daemon.
         Starting Wait until snapd is fully seeded...
[[0;32m  OK  [0m] Started Pollinate to seed the pseudo random number generator.
         Starting OpenBSD Secure Shell server...
[[0;32m  OK  [0m] Started OpenBSD Secure Shell server.
[[0;32m  OK  [0m] Started Wait until snapd is fully seeded.
         Starting Apply the settings specified in cloud-config...
[[0;32m  OK  [0m] Reached target Multi-User System.
[[0;32m  OK  [0m] Reached target Graphical Interface.
         Starting Update UTMP about System Runlevel Changes...
[[0;32m  OK  [0m] Started Update UTMP about System Runlevel Changes.
[    9.385363] cloud-init[1281]: Generating locales (this might take a while)...
[    9.669876] cloud-init[1281]:   en_US.UTF-8... done
[    9.670362] cloud-init[1281]: Generation complete.
[    9.856009] cloud-init[1281]: Cloud-init v. 21.1-19-gbad84ad4-0ubuntu1~16.04.2 running 'modules:config' at Thu, 29 Feb 2024 11:33:04 +0000. Up 9.34 seconds.
[[0;32m  OK  [0m] Started Apply the settings specified in cloud-config.
         Starting Execute cloud user/final scripts...
ci-info: no authorized SSH keys fingerprints found for user ubuntu.
<14>Feb 29 11:33:05 ec2: 
<14>Feb 29 11:33:05 ec2: #############################################################
<14>Feb 29 11:33:05 ec2: -----BEGIN SSH HOST KEY FINGERPRINTS-----
<14>Feb 29 11:33:05 ec2: 1024 SHA256:HdvigrMM6W3vF1tLmQ6My+4xQaibxjMUCiKTUCKky6A root@ubuntu-xenial (DSA)
<14>Feb 29 11:33:05 ec2: 256 SHA256:7MzPanpcj5Q6Il2K7n7OV0UPamvM4b/q1krtnAdwhac root@ubuntu-xenial (ECDSA)
<14>Feb 29 11:33:05 ec2: 256 SHA256:o4LXwzCO6f7R+J5vSCPs+YAzKfgIP+iJlJRhSl+py5E root@ubuntu-xenial (ED25519)
<14>Feb 29 11:33:05 ec2: 2048 SHA256:25zm/oFXMafCdsLOYt4IRAxpaNrAqxbIHzxDcQrGK/k root@ubuntu-xenial (RSA)
<14>Feb 29 11:33:05 ec2: -----END SSH HOST KEY FINGERPRINTS-----
<14>Feb 29 11:33:05 ec2: #############################################################
-----BEGIN SSH HOST KEY KEYS-----
ecdsa-sha2-nistp256 AAAAE2VjZHNhLXNoYTItbmlzdHAyNTYAAAAIbmlzdHAyNTYAAABBBFVtQgNcUWzWNTE0epcZAFwvQZJpWvpIJnzApnHtIjzPwsfJtWstxLWzW17iTpiRFNsMoaHPZbp/1WXaW3pZl0c= root@ubuntu-xenial
ssh-ed25519 AAAAC3NzaC1lZDI1NTE5AAAAIPy3JtoyH7QUWYlmc07NIFTm0fnrxrVSXqLp3/5aL0ml root@ubuntu-xenial
ssh-rsa AAAAB3NzaC1yc2EAAAADAQABAAABAQDKXe5d7GgqZuRcQoHDUDu57n7apkXRdtAeD/zDncutzCV0wk1Slrw8MEnJt3NZMVcQCvwik6oTLm/bDI8bp/O6XNLP+EFVm95PPOI7Y8xkQf2yNOWTBnZfAQ6Udhugfqtlx+1oErKd0LHrTmM4rHb1ymrW53YIt0B9UNVyD8H1tkzoRi2jb2SFUTEQy6NzNU7jjUa5VoA7C2/kDMJUiuWCrQ1CamUL64eItzVGg0Jtz8dHcBri9JdWslUoQDSgE2WHKH/s8Ckzz1TWdv+oqu3vK9IJnsAMUd9D67RG8RvizyN/GQ5Sfxy4UcJ6rrM2FUCx4EYeRrt4pZt/jDaGSUsf root@ubuntu-xenial
-----END SSH HOST KEY KEYS-----
[   10.064045] cloud-init[1324]: Cloud-init v. 21.1-19-gbad84ad4-0ubuntu1~16.04.2 running 'modules:final' at Thu, 29 Feb 2024 11:33:05 +0000. Up 9.99 seconds.
[   10.064828] cloud-init[1324]: ci-info: no authorized SSH keys fingerprints found for user ubuntu.
[   10.065619] cloud-init[1324]: Cloud-init v. 21.1-19-gbad84ad4-0ubuntu1~16.04.2 finished at Thu, 29 Feb 2024 11:33:05 +0000. Datasource DataSourceNoCloud [seed=/dev/sdb][dsmode=net].  Up 10.06 seconds
[[0;32m  OK  [0m] Started Execute cloud user/final scripts.
[[0;32m  OK  [0m] Reached target Cloud-init target.

Ubuntu 16.04.7 LTS ubuntu-xenial ttyS0

ubuntu-xenial login: 